[2025-06-19T20:36:16.495Z] FROM: test@test.ty
asdasd

[2025-06-19T20:39:33.633Z] FROM: test@test.ty
asdasd

[2025-06-19T20:39:39.386Z] FROM: test@test.ty
asdasd

[2025-06-19T20:40:39.586Z] FROM: test@test.ty
asdasd

[2025-06-19T20:40:47.246Z] FROM: test@test.ty
asdasd

[2025-06-20T08:58:03.855Z] FROM: test@test.tu
test

[2025-06-20T09:05:13.895Z] FROM: test@test.tu
test

[2025-06-20T09:05:38.185Z] FROM: test@test.tu
test

[2025-06-20T09:14:39.169Z] FROM: test@test.tu
test

[2025-06-20T09:16:49.925Z] FROM: test@test.tu
test

[2025-06-20T09:16:49.966Z] Message sent: <c2de5936-1a23-9d18-77f6-7c746aa871a3@test.tu>

[2025-06-20T09:18:23.664Z] FROM: test@test.tu
test

[2025-06-20T09:19:11.004Z] FROM: test@test.tu
test

[2025-06-20T09:23:54.440Z] FROM: test@test.tu
test

[2025-06-20T09:27:41.972Z] FROM: test@test.tu
test

[2025-06-20T09:30:07.693Z] FROM: test@test.tu
test

[2025-06-20T09:36:59.214Z] FROM: test@test.tu
test

[2025-06-20T09:38:38.342Z] FROM: test@test.tu
test

[2025-06-20T09:39:31.626Z] FROM: info.lost.service@gmail.com
test

[2025-06-20T09:43:53.900Z] FROM: info.lost.service@gmail.com
test

[2025-06-20T09:47:03.856Z] FROM: info.lost.service@gmail.com
test

[2025-06-20T09:55:31.139Z] FROM: info.lost.service@gmail.com
test

[2025-06-20T10:05:11.586Z] FROM: info.lost.service@gmail.com
test

[2025-06-20T10:08:52.314Z] FROM: info.lost.service@gmail.com
test

[2025-06-20T10:09:07.413Z] FROM: info.lost.service@gmail.com
test

[2025-06-20T10:13:24.544Z] FROM: info.lost.service@gmail.com
test

[2025-06-20T10:20:59.226Z] FROM: info.lost.service@gmail.com
test

[2025-06-20T10:21:24.457Z] FROM: info.lost.service@gmail.com
test

[2025-06-20T10:23:23.080Z] FROM: info.lost.service@gmail.com
test

[2025-06-20T10:23:56.033Z] FROM: info.lost.service@gmail.com
test

[2025-06-20T10:24:26.354Z] FROM: info.lost.service@gmail.com
test

[2025-06-20T10:40:08.943Z] FROM: info.lost.service@gmail.com
test

[2025-06-20T10:44:23.202Z] FROM: info.lost.service@gmail.com
test

[2025-06-20T10:44:58.219Z] FROM: info.lost.service@gmail.com
test

[2025-06-20T10:45:29.563Z] FROM: info.lost.service@gmail.com
test

[2025-06-20T10:47:56.068Z] FROM: info.lost.service@gmail.com
test123

[2025-06-20T11:02:53.937Z] FROM: info.lost.service@gmail.com
test123

[2025-06-20T11:03:52.640Z] FROM: info.lost.service@gmail.com
test123

[2025-06-20T11:04:14.922Z] FROM: info.lost.service@gmail.com
test123

[2025-06-20T11:05:21.572Z] FROM: info.lost.service@gmail.com
test123

[2025-06-20T11:08:41.626Z] FROM: info.lost.service@gmail.com
test123

[2025-06-20T11:09:38.362Z] FROM: info.lost.service@gmail.com
test123

[2025-06-20T11:10:22.942Z] FROM: info.lost.service@gmail.com
test123

[2025-06-20T11:10:33.227Z] FROM: info.lost.service@gmail.com
test123

[2025-06-20T11:14:33.597Z] FROM: info.lost.service@gmail.com
test123

[2025-06-20T11:20:08.665Z] FROM: info.lost.service@gmail.com
test123

[2025-06-20T11:21:03.911Z] FROM: test@test.tu
test

[2025-06-23T07:30:59.426Z] FROM: arugonbj@gmail.com
test111

